<?xml version="1.0" encoding="UTF-8"?>
<testng-results ignored="0" total="1" passed="1" failed="0" skipped="0">
  <reporter-output>
  </reporter-output>
  <suite started-at="2018-10-10T07:03:04Z" name="Default suite" finished-at="2018-10-10T07:03:20Z" duration-ms="16231">
    <groups>
    </groups>
    <test started-at="2018-10-10T07:03:04Z" name="Default test" finished-at="2018-10-10T07:03:20Z" duration-ms="16231">
      <class name="com.webtest.demo.Admin_Login">
        <test-method is-config="true" signature="doBeforeSuite()[pri:0, instance:com.webtest.demo.Admin_Login@e15b7e8]" started-at="2018-10-10T07:02:57Z" name="doBeforeSuite" finished-at="2018-10-10T07:03:04Z" duration-ms="7647" status="PASS">
          <reporter-output>
          </reporter-output>
        </test-method> <!-- doBeforeSuite -->
        <test-method signature="testLogin(java.lang.String, java.lang.String)[pri:0, instance:com.webtest.demo.Admin_Login@e15b7e8]" started-at="2018-10-10T07:03:04Z" name="testLogin" data-provider="txt" finished-at="2018-10-10T07:03:20Z" duration-ms="16194" status="PASS">
          <params>
            <param index="0">
              <value>
                <![CDATA[admin]]>
              </value>
            </param>
            <param index="1">
              <value>
                <![CDATA[admin]]>
              </value>
            </param>
          </params>
          <reporter-output>
          </reporter-output>
        </test-method> <!-- testLogin -->
        <test-method is-config="true" signature="doAfterMethod()[pri:0, instance:com.webtest.demo.Admin_Login@e15b7e8]" started-at="2018-10-10T07:03:20Z" name="doAfterMethod" finished-at="2018-10-10T07:03:21Z" duration-ms="779" status="PASS">
          <reporter-output>
          </reporter-output>
        </test-method> <!-- doAfterMethod -->
      </class> <!-- com.webtest.demo.Admin_Login -->
    </test> <!-- Default test -->
  </suite> <!-- Default suite -->
</testng-results>
